Enter data for calculation:
1). Find minimum value.
2). Find maximum value.
3). Calculate the sum of all values.
4). Calculate the average of all the values.
5). Print the values in the data set.
6). Exit the program.
Choose computation to perform from list above:
The minimum for the data is 34.500000.

1). Find minimum value.
2). Find maximum value.
3). Calculate the sum of all values.
4). Calculate the average of all the values.
5). Print the values in the data set.
6). Exit the program.
Choose computation to perform from list above:
The maximum for the data is 569.450012.

1). Find minimum value.
2). Find maximum value.
3). Calculate the sum of all values.
4). Calculate the average of all the values.
5). Print the values in the data set.
6). Exit the program.
Choose computation to perform from list above:
The sum for the data is 1831.910034.

1). Find minimum value.
2). Find maximum value.
3). Calculate the sum of all values.
4). Calculate the average of all the values.
5). Print the values in the data set.
6). Exit the program.
Choose computation to perform from list above:
The average for the data is 228.988754.

1). Find minimum value.
2). Find maximum value.
3). Calculate the sum of all values.
4). Calculate the average of all the values.
5). Print the values in the data set.
6). Exit the program.
Choose computation to perform from list above:
The data entered by the user was...
34.500, 569.450, 335.200, 193.400, 74.390, 122.450, 413.200, 89.320

1). Find minimum value.
2). Find maximum value.
3). Calculate the sum of all values.
4). Calculate the average of all the values.
5). Print the values in the data set.
6). Exit the program.
Choose computation to perform from list above:
